Info 0    [09:45:19.004] Starting TS Server
Info 1    [09:45:19.006] Version: 4.3.4
Info 2    [09:45:19.006] Arguments: C:\nodejs\node.exe c:\lsp\npm\typescript\node_modules\typescript\bin\tsserver --logFile d:\Charicha Softwares\Charicha Institute\commingsoon_website\.log\tsserver.log --logVerbosity info --cancellationPipeName C:\Users\void\AppData\Local\Temp\653aabfceeb4e59567d2ddd2c7696027\tscancellation*
Info 3    [09:45:19.006] Platform: win32 NodeVersion: 14 CaseSensitive: false
Info 4    [09:45:19.006] ServerMode: undefined syntaxOnly: false hasUnknownServerMode: undefined
Info 5    [09:45:19.238] Search path: d:/Charicha Softwares/Charicha Institute/commingsoon_website/resources/js
Info 6    [09:45:19.240] For info: d:/Charicha Softwares/Charicha Institute/commingsoon_website/resources/js/utils.js :: No config files found.
Info 7    [09:45:19.249] Starting updateGraphWorker: Project: /dev/null/inferredProject1*
Info 8    [09:45:23.165] Finishing updateGraphWorker: Project: /dev/null/inferredProject1* Version: 1 structureChanged: true Elapsed: 3916.0372000038624ms
Info 9    [09:45:23.165] Project '/dev/null/inferredProject1*' (Inferred)
Info 10   [09:45:23.165] 	Files (162)

Info 11   [09:45:23.165] -----------------------------------------------
Info 12   [09:45:23.303] Search path: d:/Charicha Softwares/Charicha Institute/commingsoon_website/resources/js
Info 13   [09:45:23.303] For info: d:/Charicha Softwares/Charicha Institute/commingsoon_website/resources/js/bootstrap.js :: No config files found.
Info 14   [09:45:23.305] Starting updateGraphWorker: Project: /dev/null/inferredProject2*
Info 15   [09:45:23.922] Finishing updateGraphWorker: Project: /dev/null/inferredProject2* Version: 1 structureChanged: true Elapsed: 617.3132999837399ms
Info 16   [09:45:23.922] Project '/dev/null/inferredProject2*' (Inferred)
Info 17   [09:45:23.922] 	Files (176)

Info 18   [09:45:23.922] -----------------------------------------------
Info 19   [09:45:23.984] Starting updateGraphWorker: Project: /dev/null/inferredProject2*
Info 20   [09:45:24.130] Finishing updateGraphWorker: Project: /dev/null/inferredProject2* Version: 2 structureChanged: false Elapsed: 145.262600004673ms
Info 21   [09:45:24.131] Different program with same set of files:: structureIsReused:: 2
Info 22   [09:45:24.492] DirectoryWatcher:: Triggered with C:/Users/void/AppData/Local/Microsoft/TypeScript/4.3/node_modules/.staging :: WatchInfo: C:/Users/void/AppData/Local/Microsoft/TypeScript/4.3/node_modules 1 undefined Project: /dev/null/inferredProject2* WatchType: Failed Lookup Locations
Info 23   [09:45:24.492] Elapsed:: 0.37450000643730164ms DirectoryWatcher:: Triggered with C:/Users/void/AppData/Local/Microsoft/TypeScript/4.3/node_modules/.staging :: WatchInfo: C:/Users/void/AppData/Local/Microsoft/TypeScript/4.3/node_modules 1 undefined Project: /dev/null/inferredProject2* WatchType: Failed Lookup Locations
Info 24   [09:45:24.493] DirectoryWatcher:: Triggered with C:/Users/void/AppData/Local/Microsoft/TypeScript/4.3/node_modules/.staging/types-registry-d0ee2b08 :: WatchInfo: C:/Users/void/AppData/Local/Microsoft/TypeScript/4.3/node_modules 1 undefined Project: /dev/null/inferredProject2* WatchType: Failed Lookup Locations
Info 25   [09:45:24.493] Elapsed:: 0.07539999485015869ms DirectoryWatcher:: Triggered with C:/Users/void/AppData/Local/Microsoft/TypeScript/4.3/node_modules/.staging/types-registry-d0ee2b08 :: WatchInfo: C:/Users/void/AppData/Local/Microsoft/TypeScript/4.3/node_modules 1 undefined Project: /dev/null/inferredProject2* WatchType: Failed Lookup Locations
Info 26   [09:45:24.502] DirectoryWatcher:: Triggered with C:/Users/void/AppData/Local/Microsoft/TypeScript/4.3/node_modules/.staging/types-registry-d0ee2b08/README.md :: WatchInfo: C:/Users/void/AppData/Local/Microsoft/TypeScript/4.3/node_modules 1 undefined Project: /dev/null/inferredProject2* WatchType: Failed Lookup Locations
Info 27   [09:45:24.503] Elapsed:: 0.03669998049736023ms DirectoryWatcher:: Triggered with C:/Users/void/AppData/Local/Microsoft/TypeScript/4.3/node_modules/.staging/types-registry-d0ee2b08/README.md :: WatchInfo: C:/Users/void/AppData/Local/Microsoft/TypeScript/4.3/node_modules 1 undefined Project: /dev/null/inferredProject2* WatchType: Failed Lookup Locations
Info 28   [09:45:24.504] DirectoryWatcher:: Triggered with C:/Users/void/AppData/Local/Microsoft/TypeScript/4.3/node_modules/.staging/types-registry-d0ee2b08/index.json :: WatchInfo: C:/Users/void/AppData/Local/Microsoft/TypeScript/4.3/node_modules 1 undefined Project: /dev/null/inferredProject2* WatchType: Failed Lookup Locations
Info 29   [09:45:24.504] Elapsed:: 0.03799998760223389ms DirectoryWatcher:: Triggered with C:/Users/void/AppData/Local/Microsoft/TypeScript/4.3/node_modules/.staging/types-registry-d0ee2b08/index.json :: WatchInfo: C:/Users/void/AppData/Local/Microsoft/TypeScript/4.3/node_modules 1 undefined Project: /dev/null/inferredProject2* WatchType: Failed Lookup Locations
Info 30   [09:45:24.520] DirectoryWatcher:: Triggered with C:/Users/void/AppData/Local/Microsoft/TypeScript/4.3/node_modules/.staging/types-registry-d0ee2b08/package.json :: WatchInfo: C:/Users/void/AppData/Local/Microsoft/TypeScript/4.3/node_modules 1 undefined Project: /dev/null/inferredProject2* WatchType: Failed Lookup Locations
Info 31   [09:45:24.520] Elapsed:: 0.04330000281333923ms DirectoryWatcher:: Triggered with C:/Users/void/AppData/Local/Microsoft/TypeScript/4.3/node_modules/.staging/types-registry-d0ee2b08/package.json :: WatchInfo: C:/Users/void/AppData/Local/Microsoft/TypeScript/4.3/node_modules 1 undefined Project: /dev/null/inferredProject2* WatchType: Failed Lookup Locations
Info 32   [09:45:24.530] DirectoryWatcher:: Triggered with C:/Users/void/AppData/Local/Microsoft/TypeScript/4.3/node_modules/types-registry/README.md :: WatchInfo: C:/Users/void/AppData/Local/Microsoft/TypeScript/4.3/node_modules 1 undefined Project: /dev/null/inferredProject2* WatchType: Failed Lookup Locations
Info 33   [09:45:24.531] Elapsed:: 0.04559999704360962ms DirectoryWatcher:: Triggered with C:/Users/void/AppData/Local/Microsoft/TypeScript/4.3/node_modules/types-registry/README.md :: WatchInfo: C:/Users/void/AppData/Local/Microsoft/TypeScript/4.3/node_modules 1 undefined Project: /dev/null/inferredProject2* WatchType: Failed Lookup Locations
Info 34   [09:45:24.531] DirectoryWatcher:: Triggered with C:/Users/void/AppData/Local/Microsoft/TypeScript/4.3/node_modules/types-registry/index.json :: WatchInfo: C:/Users/void/AppData/Local/Microsoft/TypeScript/4.3/node_modules 1 undefined Project: /dev/null/inferredProject2* WatchType: Failed Lookup Locations
Info 35   [09:45:24.531] Elapsed:: 0.45170000195503235ms DirectoryWatcher:: Triggered with C:/Users/void/AppData/Local/Microsoft/TypeScript/4.3/node_modules/types-registry/index.json :: WatchInfo: C:/Users/void/AppData/Local/Microsoft/TypeScript/4.3/node_modules 1 undefined Project: /dev/null/inferredProject2* WatchType: Failed Lookup Locations
Info 36   [09:45:24.531] DirectoryWatcher:: Triggered with C:/Users/void/AppData/Local/Microsoft/TypeScript/4.3/node_modules/types-registry/package.json :: WatchInfo: C:/Users/void/AppData/Local/Microsoft/TypeScript/4.3/node_modules 1 undefined Project: /dev/null/inferredProject2* WatchType: Failed Lookup Locations
Info 37   [09:45:24.531] Elapsed:: 0.10409998893737793ms DirectoryWatcher:: Triggered with C:/Users/void/AppData/Local/Microsoft/TypeScript/4.3/node_modules/types-registry/package.json :: WatchInfo: C:/Users/void/AppData/Local/Microsoft/TypeScript/4.3/node_modules 1 undefined Project: /dev/null/inferredProject2* WatchType: Failed Lookup Locations
Info 38   [09:45:24.531] DirectoryWatcher:: Triggered with C:/Users/void/AppData/Local/Microsoft/TypeScript/4.3/node_modules/types-registry :: WatchInfo: C:/Users/void/AppData/Local/Microsoft/TypeScript/4.3/node_modules 1 undefined Project: /dev/null/inferredProject2* WatchType: Failed Lookup Locations
Info 39   [09:45:24.532] Elapsed:: 0.04800000786781311ms DirectoryWatcher:: Triggered with C:/Users/void/AppData/Local/Microsoft/TypeScript/4.3/node_modules/types-registry :: WatchInfo: C:/Users/void/AppData/Local/Microsoft/TypeScript/4.3/node_modules 1 undefined Project: /dev/null/inferredProject2* WatchType: Failed Lookup Locations
Info 40   [09:45:24.543] DirectoryWatcher:: Triggered with C:/Users/void/AppData/Local/Microsoft/TypeScript/4.3/node_modules/.staging/types-registry-d0ee2b08 :: WatchInfo: C:/Users/void/AppData/Local/Microsoft/TypeScript/4.3/node_modules 1 undefined Project: /dev/null/inferredProject2* WatchType: Failed Lookup Locations
Info 41   [09:45:24.543] Elapsed:: 0.03810000419616699ms DirectoryWatcher:: Triggered with C:/Users/void/AppData/Local/Microsoft/TypeScript/4.3/node_modules/.staging/types-registry-d0ee2b08 :: WatchInfo: C:/Users/void/AppData/Local/Microsoft/TypeScript/4.3/node_modules 1 undefined Project: /dev/null/inferredProject2* WatchType: Failed Lookup Locations
Info 42   [09:45:24.543] DirectoryWatcher:: Triggered with C:/Users/void/AppData/Local/Microsoft/TypeScript/4.3/node_modules/types-registry :: WatchInfo: C:/Users/void/AppData/Local/Microsoft/TypeScript/4.3/node_modules 1 undefined Project: /dev/null/inferredProject2* WatchType: Failed Lookup Locations
Info 43   [09:45:24.544] Elapsed:: 0.09600001573562622ms DirectoryWatcher:: Triggered with C:/Users/void/AppData/Local/Microsoft/TypeScript/4.3/node_modules/types-registry :: WatchInfo: C:/Users/void/AppData/Local/Microsoft/TypeScript/4.3/node_modules 1 undefined Project: /dev/null/inferredProject2* WatchType: Failed Lookup Locations
Info 44   [09:45:24.551] DirectoryWatcher:: Triggered with C:/Users/void/AppData/Local/Microsoft/TypeScript/4.3/node_modules/types-registry/package.json.3181814972 :: WatchInfo: C:/Users/void/AppData/Local/Microsoft/TypeScript/4.3/node_modules 1 undefined Project: /dev/null/inferredProject2* WatchType: Failed Lookup Locations
Info 45   [09:45:24.551] Elapsed:: 0.051899999380111694ms DirectoryWatcher:: Triggered with C:/Users/void/AppData/Local/Microsoft/TypeScript/4.3/node_modules/types-registry/package.json.3181814972 :: WatchInfo: C:/Users/void/AppData/Local/Microsoft/TypeScript/4.3/node_modules 1 undefined Project: /dev/null/inferredProject2* WatchType: Failed Lookup Locations
Info 46   [09:45:24.554] DirectoryWatcher:: Triggered with C:/Users/void/AppData/Local/Microsoft/TypeScript/4.3/node_modules/types-registry/package.json :: WatchInfo: C:/Users/void/AppData/Local/Microsoft/TypeScript/4.3/node_modules 1 undefined Project: /dev/null/inferredProject2* WatchType: Failed Lookup Locations
Info 47   [09:45:24.554] Elapsed:: 0.12770000100135803ms DirectoryWatcher:: Triggered with C:/Users/void/AppData/Local/Microsoft/TypeScript/4.3/node_modules/types-registry/package.json :: WatchInfo: C:/Users/void/AppData/Local/Microsoft/TypeScript/4.3/node_modules 1 undefined Project: /dev/null/inferredProject2* WatchType: Failed Lookup Locations
Info 48   [09:45:24.554] DirectoryWatcher:: Triggered with C:/Users/void/AppData/Local/Microsoft/TypeScript/4.3/node_modules/types-registry/package.json.3181814972 :: WatchInfo: C:/Users/void/AppData/Local/Microsoft/TypeScript/4.3/node_modules 1 undefined Project: /dev/null/inferredProject2* WatchType: Failed Lookup Locations
Info 49   [09:45:24.554] Elapsed:: 0.027000010013580322ms DirectoryWatcher:: Triggered with C:/Users/void/AppData/Local/Microsoft/TypeScript/4.3/node_modules/types-registry/package.json.3181814972 :: WatchInfo: C:/Users/void/AppData/Local/Microsoft/TypeScript/4.3/node_modules 1 undefined Project: /dev/null/inferredProject2* WatchType: Failed Lookup Locations
Info 50   [09:45:24.555] DirectoryWatcher:: Triggered with C:/Users/void/AppData/Local/Microsoft/TypeScript/4.3/node_modules/types-registry/package.json :: WatchInfo: C:/Users/void/AppData/Local/Microsoft/TypeScript/4.3/node_modules 1 undefined Project: /dev/null/inferredProject2* WatchType: Failed Lookup Locations
Info 51   [09:45:24.556] Elapsed:: 0.1631999909877777ms DirectoryWatcher:: Triggered with C:/Users/void/AppData/Local/Microsoft/TypeScript/4.3/node_modules/types-registry/package.json :: WatchInfo: C:/Users/void/AppData/Local/Microsoft/TypeScript/4.3/node_modules 1 undefined Project: /dev/null/inferredProject2* WatchType: Failed Lookup Locations
Info 52   [09:45:24.564] Starting updateGraphWorker: Project: /dev/null/inferredProject2*
Info 53   [09:45:24.707] Finishing updateGraphWorker: Project: /dev/null/inferredProject2* Version: 3 structureChanged: true Elapsed: 142.07099997997284ms
Info 54   [09:45:24.707] Different program with same set of files:: structureIsReused:: 1
Info 55   [09:45:24.709] DirectoryWatcher:: Triggered with C:/Users/void/AppData/Local/Microsoft/TypeScript/4.3/node_modules/.staging :: WatchInfo: C:/Users/void/AppData/Local/Microsoft/TypeScript/4.3/node_modules 1 undefined Project: /dev/null/inferredProject2* WatchType: Failed Lookup Locations
Info 56   [09:45:24.709] Elapsed:: 0.09870001673698425ms DirectoryWatcher:: Triggered with C:/Users/void/AppData/Local/Microsoft/TypeScript/4.3/node_modules/.staging :: WatchInfo: C:/Users/void/AppData/Local/Microsoft/TypeScript/4.3/node_modules 1 undefined Project: /dev/null/inferredProject2* WatchType: Failed Lookup Locations
Info 57   [09:45:24.713] Starting updateGraphWorker: Project: /dev/null/inferredProject2*
Info 58   [09:45:24.802] Finishing updateGraphWorker: Project: /dev/null/inferredProject2* Version: 4 structureChanged: true Elapsed: 88.55770000815392ms
Info 59   [09:45:24.802] Different program with same set of files:: structureIsReused:: 1
Info 60   [09:45:26.273] Starting updateGraphWorker: Project: /dev/null/inferredProject2*
Info 61   [09:45:26.900] Finishing updateGraphWorker: Project: /dev/null/inferredProject2* Version: 5 structureChanged: true Elapsed: 626.5148000121117ms
Info 62   [09:45:26.900] Project '/dev/null/inferredProject2*' (Inferred)
Info 63   [09:45:26.900] 	Files (214)

Info 64   [09:45:26.900] -----------------------------------------------
Info 65   [09:45:26.903] Search path: d:/Charicha Softwares/Charicha Institute/commingsoon_website/resources/js
Info 66   [09:45:26.903] For info: d:/Charicha Softwares/Charicha Institute/commingsoon_website/resources/js/app.js :: No config files found.
Info 67   [09:45:26.904] Starting updateGraphWorker: Project: /dev/null/inferredProject3*
Info 68   [09:45:27.155] Finishing updateGraphWorker: Project: /dev/null/inferredProject3* Version: 1 structureChanged: true Elapsed: 251.26389998197556ms
Info 69   [09:45:27.155] Project '/dev/null/inferredProject3*' (Inferred)
Info 70   [09:45:27.155] 	Files (178)

Info 71   [09:45:27.155] -----------------------------------------------
Info 72   [09:45:27.158] `remove Project::
Info 73   [09:45:27.158] Project '/dev/null/inferredProject1*' (Inferred)
Info 74   [09:45:27.158] 	Files (162)

Info 75   [09:45:27.158] -----------------------------------------------
Info 76   [09:45:27.161] `remove Project::
Info 77   [09:45:27.161] Project '/dev/null/inferredProject2*' (Inferred)
Info 78   [09:45:27.162] 	Files (214)

Info 79   [09:45:27.162] -----------------------------------------------
Info 80   [09:45:27.165] Starting updateGraphWorker: Project: /dev/null/inferredProject3*
Info 81   [09:45:27.206] Finishing updateGraphWorker: Project: /dev/null/inferredProject3* Version: 2 structureChanged: false Elapsed: 39.972100019454956ms
Info 82   [09:45:27.206] Different program with same set of files:: structureIsReused:: 2
Info 83   [09:45:27.436] Starting updateGraphWorker: Project: /dev/null/inferredProject3*
Info 84   [09:45:27.958] Finishing updateGraphWorker: Project: /dev/null/inferredProject3* Version: 3 structureChanged: true Elapsed: 521.5389000177383ms
Info 85   [09:45:27.958] Project '/dev/null/inferredProject3*' (Inferred)
Info 86   [09:45:27.958] 	Files (216)

Info 87   [09:45:27.958] -----------------------------------------------
Info 88   [09:45:29.772] Before ensureProjectForOpenFiles:
Info 89   [09:45:29.773] After ensureProjectForOpenFiles:
Info 90   [09:45:29.773] got projects updated in background, updating diagnostics for d:/Charicha Softwares/Charicha Institute/commingsoon_website/resources/js/utils.js,d:/Charicha Softwares/Charicha Institute/commingsoon_website/resources/js/bootstrap.js,d:/Charicha Softwares/Charicha Institute/commingsoon_website/resources/js/app.js
Info 91   [09:45:31.706] Starting updateGraphWorker: Project: /dev/null/inferredProject3*
Info 92   [09:45:31.763] Finishing updateGraphWorker: Project: /dev/null/inferredProject3* Version: 4 structureChanged: false Elapsed: 56.714899986982346ms
Info 93   [09:45:31.763] Different program with same set of files:: structureIsReused:: 2
Info 94   [09:45:44.531] Starting updateGraphWorker: Project: /dev/null/inferredProject3*
Info 95   [09:45:44.576] Finishing updateGraphWorker: Project: /dev/null/inferredProject3* Version: 5 structureChanged: false Elapsed: 45.04340001940727ms
Info 96   [09:45:44.577] Different program with same set of files:: structureIsReused:: 2
Info 97   [09:45:45.643] Starting updateGraphWorker: Project: /dev/null/inferredProject3*
Info 98   [09:45:45.680] Finishing updateGraphWorker: Project: /dev/null/inferredProject3* Version: 6 structureChanged: false Elapsed: 37.47229999303818ms
Info 99   [09:45:45.681] Different program with same set of files:: structureIsReused:: 2
Info 100  [09:45:48.103] Starting updateGraphWorker: Project: /dev/null/inferredProject3*
Info 101  [09:45:48.189] Finishing updateGraphWorker: Project: /dev/null/inferredProject3* Version: 7 structureChanged: true Elapsed: 85.41019999980927ms
Info 102  [09:45:48.189] Project '/dev/null/inferredProject3*' (Inferred)
Info 103  [09:45:48.189] 	Files (200)

Info 104  [09:45:48.189] -----------------------------------------------
Info 105  [09:45:48.439] Starting updateGraphWorker: Project: /dev/null/inferredProject3*
Info 106  [09:45:48.502] Finishing updateGraphWorker: Project: /dev/null/inferredProject3* Version: 8 structureChanged: true Elapsed: 62.45590001344681ms
Info 107  [09:45:48.502] Project '/dev/null/inferredProject3*' (Inferred)
Info 108  [09:45:48.502] 	Files (162)

Info 109  [09:45:48.502] -----------------------------------------------
Info 110  [09:45:50.807] Before ensureProjectForOpenFiles:
Info 111  [09:45:50.808] Starting updateGraphWorker: Project: /dev/null/inferredProject4*
Info 112  [09:45:50.981] Finishing updateGraphWorker: Project: /dev/null/inferredProject4* Version: 1 structureChanged: true Elapsed: 173.47440001368523ms
Info 113  [09:45:50.981] Project '/dev/null/inferredProject4*' (Inferred)
Info 114  [09:45:50.981] 	Files (162)

Info 115  [09:45:50.982] -----------------------------------------------
Info 116  [09:45:50.984] Starting updateGraphWorker: Project: /dev/null/inferredProject5*
Info 117  [09:45:51.228] Finishing updateGraphWorker: Project: /dev/null/inferredProject5* Version: 1 structureChanged: true Elapsed: 243.12279999256134ms
Info 118  [09:45:51.228] Project '/dev/null/inferredProject5*' (Inferred)
Info 119  [09:45:51.228] 	Files (176)

Info 120  [09:45:51.228] -----------------------------------------------
Info 121  [09:45:51.229] After ensureProjectForOpenFiles:
Info 122  [09:45:51.229] got projects updated in background, updating diagnostics for d:/Charicha Softwares/Charicha Institute/commingsoon_website/resources/js/utils.js,d:/Charicha Softwares/Charicha Institute/commingsoon_website/resources/js/bootstrap.js,d:/Charicha Softwares/Charicha Institute/commingsoon_website/resources/js/app.js
Info 123  [09:45:51.475] Starting updateGraphWorker: Project: /dev/null/inferredProject5*
Info 124  [09:45:51.642] Finishing updateGraphWorker: Project: /dev/null/inferredProject5* Version: 2 structureChanged: true Elapsed: 167.04829999804497ms
Info 125  [09:45:51.642] Project '/dev/null/inferredProject5*' (Inferred)
Info 126  [09:45:51.642] 	Files (214)

Info 127  [09:45:51.642] -----------------------------------------------
Info 128  [09:45:53.883] Before ensureProjectForOpenFiles:
Info 129  [09:45:53.883] After ensureProjectForOpenFiles:
Info 130  [09:45:53.883] got projects updated in background, updating diagnostics for d:/Charicha Softwares/Charicha Institute/commingsoon_website/resources/js/utils.js,d:/Charicha Softwares/Charicha Institute/commingsoon_website/resources/js/bootstrap.js,d:/Charicha Softwares/Charicha Institute/commingsoon_website/resources/js/app.js
Info 131  [09:47:52.557] Starting updateGraphWorker: Project: /dev/null/inferredProject3*
Info 132  [09:47:52.668] Finishing updateGraphWorker: Project: /dev/null/inferredProject3* Version: 9 structureChanged: true Elapsed: 110.8692999780178ms
Info 133  [09:47:52.668] Project '/dev/null/inferredProject3*' (Inferred)
Info 134  [09:47:52.668] 	Files (178)

Info 135  [09:47:52.668] -----------------------------------------------
Info 136  [09:47:53.111] Starting updateGraphWorker: Project: /dev/null/inferredProject3*
Info 137  [09:47:53.249] Finishing updateGraphWorker: Project: /dev/null/inferredProject3* Version: 10 structureChanged: true Elapsed: 137.26579999923706ms
Info 138  [09:47:53.249] Project '/dev/null/inferredProject3*' (Inferred)
Info 139  [09:47:53.249] 	Files (216)

Info 140  [09:47:53.249] -----------------------------------------------
Info 141  [09:47:55.364] Before ensureProjectForOpenFiles:
Info 142  [09:47:55.364] Starting updateGraphWorker: Project: /dev/null/inferredProject4*
Info 143  [09:47:55.370] Finishing updateGraphWorker: Project: /dev/null/inferredProject4* Version: 2 structureChanged: true Elapsed: 5.798099994659424ms
Info 144  [09:47:55.370] Project '/dev/null/inferredProject4*' (Inferred)
Info 145  [09:47:55.370] 	Files (0)

Info 146  [09:47:55.370] -----------------------------------------------
Info 147  [09:47:55.370] Starting updateGraphWorker: Project: /dev/null/inferredProject5*
Info 148  [09:47:57.084] Finishing updateGraphWorker: Project: /dev/null/inferredProject5* Version: 3 structureChanged: true Elapsed: 1713.1250999867916ms
Info 149  [09:47:57.084] Project '/dev/null/inferredProject5*' (Inferred)
Info 150  [09:47:57.084] 	Files (199)

Info 151  [09:47:57.084] -----------------------------------------------
Info 152  [09:47:57.085] After ensureProjectForOpenFiles:
Info 153  [09:47:57.085] got projects updated in background, updating diagnostics for d:/Charicha Softwares/Charicha Institute/commingsoon_website/resources/js/utils.js,d:/Charicha Softwares/Charicha Institute/commingsoon_website/resources/js/bootstrap.js,d:/Charicha Softwares/Charicha Institute/commingsoon_website/resources/js/app.js
Info 154  [09:47:57.507] Starting updateGraphWorker: Project: /dev/null/inferredProject5*
Info 155  [09:47:57.620] Finishing updateGraphWorker: Project: /dev/null/inferredProject5* Version: 4 structureChanged: true Elapsed: 112.24120000004768ms
Info 156  [09:47:57.620] Project '/dev/null/inferredProject5*' (Inferred)
Info 157  [09:47:57.620] 	Files (0)

Info 158  [09:47:57.620] -----------------------------------------------
Info 159  [09:47:59.758] Before ensureProjectForOpenFiles:
Info 160  [09:47:59.759] After ensureProjectForOpenFiles:
Info 161  [09:47:59.759] got projects updated in background, updating diagnostics for d:/Charicha Softwares/Charicha Institute/commingsoon_website/resources/js/utils.js,d:/Charicha Softwares/Charicha Institute/commingsoon_website/resources/js/bootstrap.js,d:/Charicha Softwares/Charicha Institute/commingsoon_website/resources/js/app.js
Info 162  [09:48:18.313] Starting updateGraphWorker: Project: /dev/null/inferredProject3*
Info 163  [09:48:18.443] Finishing updateGraphWorker: Project: /dev/null/inferredProject3* Version: 11 structureChanged: true Elapsed: 130.6797000169754ms
Info 164  [09:48:18.444] Project '/dev/null/inferredProject3*' (Inferred)
Info 165  [09:48:18.444] 	Files (201)

Info 166  [09:48:18.444] -----------------------------------------------
Info 167  [09:48:18.727] Starting updateGraphWorker: Project: /dev/null/inferredProject3*
Info 168  [09:48:18.959] Finishing updateGraphWorker: Project: /dev/null/inferredProject3* Version: 12 structureChanged: true Elapsed: 232.1046000123024ms
Info 169  [09:48:18.959] Project '/dev/null/inferredProject3*' (Inferred)
Info 170  [09:48:18.959] 	Files (163)

Info 171  [09:48:18.959] -----------------------------------------------
Info 172  [09:48:21.062] Before ensureProjectForOpenFiles:
Info 173  [09:48:21.064] Starting updateGraphWorker: Project: /dev/null/inferredProject4*
Info 174  [09:48:21.305] Finishing updateGraphWorker: Project: /dev/null/inferredProject4* Version: 3 structureChanged: true Elapsed: 240.5014999806881ms
Info 175  [09:48:21.305] Project '/dev/null/inferredProject4*' (Inferred)
Info 176  [09:48:21.305] 	Files (176)

Info 177  [09:48:21.305] -----------------------------------------------
Info 178  [09:48:21.306] After ensureProjectForOpenFiles:
Info 179  [09:48:21.306] got projects updated in background, updating diagnostics for d:/Charicha Softwares/Charicha Institute/commingsoon_website/resources/js/utils.js,d:/Charicha Softwares/Charicha Institute/commingsoon_website/resources/js/bootstrap.js,d:/Charicha Softwares/Charicha Institute/commingsoon_website/resources/js/app.js
Info 180  [09:48:21.656] Starting updateGraphWorker: Project: /dev/null/inferredProject4*
Info 181  [09:48:22.209] Finishing updateGraphWorker: Project: /dev/null/inferredProject4* Version: 4 structureChanged: true Elapsed: 553.0365000069141ms
Info 182  [09:48:22.209] Project '/dev/null/inferredProject4*' (Inferred)
Info 183  [09:48:22.209] 	Files (214)

Info 184  [09:48:22.210] -----------------------------------------------
Info 185  [09:48:24.062] Before ensureProjectForOpenFiles:
Info 186  [09:48:24.062] After ensureProjectForOpenFiles:
Info 187  [09:48:24.062] got projects updated in background, updating diagnostics for d:/Charicha Softwares/Charicha Institute/commingsoon_website/resources/js/utils.js,d:/Charicha Softwares/Charicha Institute/commingsoon_website/resources/js/bootstrap.js,d:/Charicha Softwares/Charicha Institute/commingsoon_website/resources/js/app.js
Info 188  [09:48:43.670] Search path: d:/Charicha Softwares/Charicha Institute/commingsoon_website/public/js
Info 189  [09:48:43.671] For info: d:/Charicha Softwares/Charicha Institute/commingsoon_website/public/js/app.js :: No config files found.
Info 190  [09:48:43.676] Starting updateGraphWorker: Project: /dev/null/inferredProject6*
Info 191  [09:48:44.559] Finishing updateGraphWorker: Project: /dev/null/inferredProject6* Version: 1 structureChanged: true Elapsed: 882.5205000042915ms
Info 192  [09:48:44.559] Project '/dev/null/inferredProject6*' (Inferred)
Info 193  [09:48:44.559] 	Files (162)

Info 194  [09:48:44.559] -----------------------------------------------
Info 195  [09:48:44.561] `remove Project::
Info 196  [09:48:44.561] Project '/dev/null/inferredProject5*' (Inferred)
Info 197  [09:48:44.561] 	Files (0)

Info 198  [09:48:44.561] -----------------------------------------------
Info 199  [09:48:48.773] Starting updateGraphWorker: Project: /dev/null/inferredProject6*
Info 200  [09:48:49.502] Finishing updateGraphWorker: Project: /dev/null/inferredProject6* Version: 2 structureChanged: false Elapsed: 728.7384999990463ms
Info 201  [09:48:49.502] Different program with same set of files:: structureIsReused:: 2
Info 202  [09:48:58.225] Starting updateGraphWorker: Project: /dev/null/inferredProject6*
Info 203  [09:48:58.535] Finishing updateGraphWorker: Project: /dev/null/inferredProject6* Version: 3 structureChanged: false Elapsed: 309.8416000008583ms
Info 204  [09:48:58.535] Different program with same set of files:: structureIsReused:: 2
Info 205  [09:48:58.947] Starting updateGraphWorker: Project: /dev/null/inferredProject6*
Info 206  [09:48:59.125] Finishing updateGraphWorker: Project: /dev/null/inferredProject6* Version: 4 structureChanged: false Elapsed: 178.16730001568794ms
Info 207  [09:48:59.125] Different program with same set of files:: structureIsReused:: 2
Info 208  [09:49:00.243] Starting updateGraphWorker: Project: /dev/null/inferredProject6*
Info 209  [09:49:00.365] Finishing updateGraphWorker: Project: /dev/null/inferredProject6* Version: 5 structureChanged: false Elapsed: 121.8212000131607ms
Info 210  [09:49:00.365] Different program with same set of files:: structureIsReused:: 2
Info 211  [09:49:01.021] Starting updateGraphWorker: Project: /dev/null/inferredProject6*
Info 212  [09:49:01.133] Finishing updateGraphWorker: Project: /dev/null/inferredProject6* Version: 6 structureChanged: false Elapsed: 112.06369999051094ms
Info 213  [09:49:01.133] Different program with same set of files:: structureIsReused:: 2
Info 214  [09:49:13.013] Starting updateGraphWorker: Project: /dev/null/inferredProject6*
Info 215  [09:49:13.161] Finishing updateGraphWorker: Project: /dev/null/inferredProject6* Version: 7 structureChanged: false Elapsed: 147.09569999575615ms
Info 216  [09:49:13.161] Different program with same set of files:: structureIsReused:: 2
Info 217  [09:49:13.694] Starting updateGraphWorker: Project: /dev/null/inferredProject6*
Info 218  [09:49:13.821] Finishing updateGraphWorker: Project: /dev/null/inferredProject6* Version: 8 structureChanged: false Elapsed: 127.27180001139641ms
Info 219  [09:49:13.821] Different program with same set of files:: structureIsReused:: 2
Info 220  [09:49:14.766] Starting updateGraphWorker: Project: /dev/null/inferredProject6*
Info 221  [09:49:14.881] Finishing updateGraphWorker: Project: /dev/null/inferredProject6* Version: 9 structureChanged: false Elapsed: 115.12920001149178ms
Info 222  [09:49:14.881] Different program with same set of files:: structureIsReused:: 2
Info 223  [09:49:16.893] Starting updateGraphWorker: Project: /dev/null/inferredProject6*
Info 224  [09:49:17.019] Finishing updateGraphWorker: Project: /dev/null/inferredProject6* Version: 10 structureChanged: false Elapsed: 125.8348000049591ms
Info 225  [09:49:17.019] Different program with same set of files:: structureIsReused:: 2
Info 226  [09:49:17.759] Starting updateGraphWorker: Project: /dev/null/inferredProject6*
Info 227  [09:49:17.873] Finishing updateGraphWorker: Project: /dev/null/inferredProject6* Version: 11 structureChanged: false Elapsed: 113.7742999792099ms
Info 228  [09:49:17.873] Different program with same set of files:: structureIsReused:: 2
Info 229  [09:49:17.996] getCompletionData: Get current token: 0.033699989318847656
Info 230  [09:49:17.996] getCompletionData: Is inside comment: 0.10899999737739563
Info 231  [09:49:17.996] getCompletionData: Get previous token 1: 0.12400001287460327
Info 232  [09:49:17.996] getCompletionData: Get previous token 2: 0.09760001301765442
Info 233  [09:49:17.997] getCompletionsAtPosition: isCompletionListBlocker: 0.3456999957561493
Info 234  [09:49:18.017] collectAutoImports: starting, not resolving module specifiers
Info 235  [09:49:18.017] collectAutoImports: module specifier cache size: 0
Info 236  [09:49:18.017] getSymbolToExportInfoMap: cache miss or empty; calculating new results
Info 237  [09:49:18.113] getSymbolToExportInfoMap: caching results
Info 238  [09:49:18.113] getSymbolToExportInfoMap: done in 95.6545000076294 ms
Info 239  [09:49:18.137] collectAutoImports: done in 119.9675999879837 ms
Info 240  [09:49:18.137] getCompletionData: Semantic work: 139.99219998717308
Info 241  [09:49:18.166] getCompletionsAtPosition: getCompletionEntriesFromSymbols: 21.209100008010864
Info 242  [09:49:18.236] getCompletionData: Get current token: 0.028499990701675415
Info 243  [09:49:18.236] getCompletionData: Is inside comment: 0.10429999232292175
Info 244  [09:49:18.236] getCompletionData: Get previous token 1: 0.10250002145767212
Info 245  [09:49:18.236] getCompletionData: Get previous token 2: 0.1031000018119812
Info 246  [09:49:18.236] getCompletionsAtPosition: isCompletionListBlocker: 0.003800004720687866
Info 247  [09:49:18.240] collectAutoImports: starting, not resolving module specifiers
Info 248  [09:49:18.240] collectAutoImports: module specifier cache size: 48
Info 249  [09:49:18.240] getSymbolToExportInfoMap: cache hit
Info 250  [09:49:18.253] collectAutoImports: done in 13.511400014162064 ms
Info 251  [09:49:18.253] getCompletionData: Semantic work: 17.08950001001358
Info 252  [09:49:18.283] getCompletionsAtPosition: getCompletionEntriesFromSymbols: 29.65090000629425
Info 253  [09:49:18.552] Starting updateGraphWorker: Project: /dev/null/inferredProject6*
Info 254  [09:49:18.664] Finishing updateGraphWorker: Project: /dev/null/inferredProject6* Version: 12 structureChanged: false Elapsed: 112.29980000853539ms
Info 255  [09:49:18.664] Different program with same set of files:: structureIsReused:: 2
Info 256  [09:49:18.666] getCompletionData: Get current token: 0.02869999408721924
Info 257  [09:49:18.666] getCompletionData: Is inside comment: 0.10559999942779541
Info 258  [09:49:18.666] getCompletionData: Get previous token 1: 0.09119999408721924
Info 259  [09:49:18.666] getCompletionData: Get previous token 2: 0.10019999742507935
Info 260  [09:49:18.667] getCompletionsAtPosition: isCompletionListBlocker: 0.004800021648406982
Info 261  [09:49:18.689] collectAutoImports: starting, not resolving module specifiers
Info 262  [09:49:18.689] collectAutoImports: module specifier cache size: 48
Info 263  [09:49:18.692] getSymbolToExportInfoMap: cache hit
Info 264  [09:49:18.695] collectAutoImports: done in 6.693300008773804 ms
Info 265  [09:49:18.695] getCompletionData: Semantic work: 28.100900024175644
Info 266  [09:49:18.723] getCompletionsAtPosition: getCompletionEntriesFromSymbols: 21.877000004053116
Info 267  [09:49:18.761] getCompletionData: Get current token: 0.022000014781951904
Info 268  [09:49:18.761] getCompletionData: Is inside comment: 0.0828000009059906
Info 269  [09:49:18.761] getCompletionData: Get previous token 1: 0.07760000228881836
Info 270  [09:49:18.761] getCompletionData: Get previous token 2: 0.09079998731613159
Info 271  [09:49:18.761] getCompletionsAtPosition: isCompletionListBlocker: 0.003300011157989502
Info 272  [09:49:18.764] collectAutoImports: starting, not resolving module specifiers
Info 273  [09:49:18.765] collectAutoImports: module specifier cache size: 48
Info 274  [09:49:18.768] getSymbolToExportInfoMap: cache hit
Info 275  [09:49:18.771] collectAutoImports: done in 6.102600008249283 ms
Info 276  [09:49:18.771] getCompletionData: Semantic work: 9.164000004529953
Info 277  [09:49:18.781] getCompletionsAtPosition: getCompletionEntriesFromSymbols: 10.396200001239777
Info 278  [09:49:18.904] Starting updateGraphWorker: Project: /dev/null/inferredProject6*
Info 279  [09:49:19.011] Finishing updateGraphWorker: Project: /dev/null/inferredProject6* Version: 13 structureChanged: false Elapsed: 106.97229999303818ms
Info 280  [09:49:19.011] Different program with same set of files:: structureIsReused:: 2
Info 281  [09:49:19.013] getCompletionData: Get current token: 0.02559998631477356
Info 282  [09:49:19.013] getCompletionData: Is inside comment: 0.09929999709129333
Info 283  [09:49:19.013] getCompletionData: Get previous token 1: 0.09110000729560852
Info 284  [09:49:19.013] getCompletionData: Get previous token 2: 0.09769999980926514
Info 285  [09:49:19.013] getCompletionsAtPosition: isCompletionListBlocker: 0.0042999982833862305
Info 286  [09:49:19.032] collectAutoImports: starting, not resolving module specifiers
Info 287  [09:49:19.032] collectAutoImports: module specifier cache size: 48
Info 288  [09:49:19.035] getSymbolToExportInfoMap: cache hit
Info 289  [09:49:19.038] collectAutoImports: done in 6.248199999332428 ms
Info 290  [09:49:19.038] getCompletionData: Semantic work: 24.65889999270439
Info 291  [09:49:19.058] getCompletionsAtPosition: getCompletionEntriesFromSymbols: 16.64649999141693
Info 292  [09:49:19.088] getCompletionData: Get current token: 0.02959999442100525
Info 293  [09:49:19.088] getCompletionData: Is inside comment: 0.1046999990940094
Info 294  [09:49:19.089] getCompletionData: Get previous token 1: 0.101500004529953
Info 295  [09:49:19.090] getCompletionData: Get previous token 2: 0.18410000205039978
Info 296  [09:49:19.090] getCompletionsAtPosition: isCompletionListBlocker: 0.018099993467330933
Info 297  [09:49:19.093] collectAutoImports: starting, not resolving module specifiers
Info 298  [09:49:19.093] collectAutoImports: module specifier cache size: 48
Info 299  [09:49:19.094] getSymbolToExportInfoMap: cache hit
Info 300  [09:49:19.096] collectAutoImports: done in 3.0044000148773193 ms
Info 301  [09:49:19.096] getCompletionData: Semantic work: 5.956100016832352
Info 302  [09:49:19.102] getCompletionsAtPosition: getCompletionEntriesFromSymbols: 5.782299995422363
Info 303  [09:49:20.089] Starting updateGraphWorker: Project: /dev/null/inferredProject6*
Info 304  [09:49:20.189] Finishing updateGraphWorker: Project: /dev/null/inferredProject6* Version: 14 structureChanged: false Elapsed: 100.59090000391006ms
Info 305  [09:49:20.189] Different program with same set of files:: structureIsReused:: 2
Info 306  [09:49:20.191] getCompletionData: Get current token: 0.027300000190734863
Info 307  [09:49:20.191] getCompletionData: Is inside comment: 0.10269999504089355
Info 308  [09:49:20.191] getCompletionData: Get previous token 1: 0.09119999408721924
Info 309  [09:49:20.192] getCompletionData: Get previous token 2: 0.09800001978874207
Info 310  [09:49:20.192] getCompletionsAtPosition: isCompletionListBlocker: 0.0049000084400177
Info 311  [09:49:20.214] collectAutoImports: starting, not resolving module specifiers
Info 312  [09:49:20.214] collectAutoImports: module specifier cache size: 48
Info 313  [09:49:20.215] getSymbolToExportInfoMap: cache hit
Info 314  [09:49:20.217] collectAutoImports: done in 2.9582000076770782 ms
Info 315  [09:49:20.217] getCompletionData: Semantic work: 25.409799993038177
Info 316  [09:49:20.227] getCompletionsAtPosition: getCompletionEntriesFromSymbols: 8.491600006818771
Info 317  [09:49:20.256] getCompletionData: Get current token: 0.024399995803833008
Info 318  [09:49:20.256] getCompletionData: Is inside comment: 0.0828000009059906
Info 319  [09:49:20.256] getCompletionData: Get previous token 1: 0.07680001854896545
Info 320  [09:49:20.256] getCompletionData: Get previous token 2: 0.08190000057220459
Info 321  [09:49:20.256] getCompletionsAtPosition: isCompletionListBlocker: 0.003099977970123291
Info 322  [09:49:20.260] collectAutoImports: starting, not resolving module specifiers
Info 323  [09:49:20.260] collectAutoImports: module specifier cache size: 48
Info 324  [09:49:20.262] getSymbolToExportInfoMap: cache hit
Info 325  [09:49:20.264] collectAutoImports: done in 3.360600024461746 ms
Info 326  [09:49:20.264] getCompletionData: Semantic work: 7.567900002002716
Info 327  [09:49:20.270] getCompletionsAtPosition: getCompletionEntriesFromSymbols: 6.146299988031387
Info 328  [09:49:20.543] Starting updateGraphWorker: Project: /dev/null/inferredProject6*
Info 329  [09:49:20.648] Finishing updateGraphWorker: Project: /dev/null/inferredProject6* Version: 15 structureChanged: false Elapsed: 104.54839998483658ms
Info 330  [09:49:20.648] Different program with same set of files:: structureIsReused:: 2
Info 331  [09:49:37.124] Starting updateGraphWorker: Project: /dev/null/inferredProject6*
Info 332  [09:49:37.234] Finishing updateGraphWorker: Project: /dev/null/inferredProject6* Version: 16 structureChanged: false Elapsed: 109.37830001115799ms
Info 333  [09:49:37.234] Different program with same set of files:: structureIsReused:: 2
Info 334  [09:49:37.237] Starting updateGraphWorker: Project: /dev/null/inferredProject6*
Info 335  [09:49:37.334] Finishing updateGraphWorker: Project: /dev/null/inferredProject6* Version: 17 structureChanged: false Elapsed: 96.73970001935959ms
Info 336  [09:49:37.334] Different program with same set of files:: structureIsReused:: 2
Info 337  [09:49:37.545] Starting updateGraphWorker: Project: /dev/null/inferredProject6*
Info 338  [09:49:37.672] Finishing updateGraphWorker: Project: /dev/null/inferredProject6* Version: 18 structureChanged: false Elapsed: 126.50690001249313ms
Info 339  [09:49:37.672] Different program with same set of files:: structureIsReused:: 2
Info 340  [09:49:38.998] Starting updateGraphWorker: Project: /dev/null/inferredProject6*
Info 341  [09:49:39.101] Finishing updateGraphWorker: Project: /dev/null/inferredProject6* Version: 19 structureChanged: false Elapsed: 102.86169999837875ms
Info 342  [09:49:39.101] Different program with same set of files:: structureIsReused:: 2
Info 343  [09:49:39.955] Starting updateGraphWorker: Project: /dev/null/inferredProject6*
Info 344  [09:49:40.064] Finishing updateGraphWorker: Project: /dev/null/inferredProject6* Version: 20 structureChanged: false Elapsed: 109.52310001850128ms
Info 345  [09:49:40.064] Different program with same set of files:: structureIsReused:: 2
Info 346  [09:50:13.323] Starting updateGraphWorker: Project: /dev/null/inferredProject6*
Info 347  [09:50:13.512] Finishing updateGraphWorker: Project: /dev/null/inferredProject6* Version: 21 structureChanged: false Elapsed: 189.3818999826908ms
Info 348  [09:50:13.512] Different program with same set of files:: structureIsReused:: 2
